<?xml version="1.0" encoding="UTF-8"?>
<!-- Generated by org.testng.reporters.JUnitReportReporter -->
<testsuite skipped="2" hostname="BNWINBGDELLL034" name="com.pc.functionalities.TestCase" tests="3" failures="0" timestamp="25 Jun 2019 12:17:02 GMT" time="7670.838" errors="0">
  <testcase name="orderPlacementEU" time="7670.838" classname="com.pc.functionalities.TestCase"/>
  <testcase name="orderPlacementEUPaypal" classname="com.pc.functionalities.TestCase">
    <skipped/>
  </testcase> <!-- orderPlacementEUPaypal -->
  <testcase name="orderPlacementUS" classname="com.pc.functionalities.TestCase">
    <skipped/>
  </testcase> <!-- orderPlacementUS -->
</testsuite> <!-- com.pc.functionalities.TestCase -->
